<?xml version="1.0" encoding="UTF-8"?>
<!-- Generated by org.testng.reporters.JUnitReportReporter -->
<testsuite hostname="LAPTOP-MRVI2C8P" name="HomeW4.HW4" tests="1" failures="0" timestamp="2 Feb 2023 06:52:20 GMT" time="15.618" errors="0">
  <testcase name="customerTest" time="15.618" classname="HomeW4.HW4"/>
</testsuite> <!-- HomeW4.HW4 -->
